6/6/2018 3:43:50 PM	This log contains information about the import schema operation into project 'Database3V' on computer 'DESKTOP-BTDNTUO' by user 'ACSystem'.
6/6/2018 3:43:50 PM	Import of database schema has started.
6/6/2018 3:44:16 PM	Gathering database credentials
6/6/2018 3:44:16 PM	Gathering database options
6/6/2018 3:44:16 PM	Gathering generic database scoped configuration option
6/6/2018 3:44:16 PM	Gathering users
6/6/2018 3:44:16 PM	Gathering roles
6/6/2018 3:44:16 PM	Gathering application roles
6/6/2018 3:44:16 PM	Gathering role memberships
6/6/2018 3:44:16 PM	Gathering filegroups
6/6/2018 3:44:16 PM	Gathering full-text catalogs
6/6/2018 3:44:16 PM	Gathering assemblies
6/6/2018 3:44:16 PM	Gathering certificates
6/6/2018 3:44:16 PM	Gathering asymmetric keys
6/6/2018 3:44:16 PM	Gathering symmetric keys
6/6/2018 3:44:16 PM	Gathering encrypted symmetric keys
6/6/2018 3:44:16 PM	Gathering schemas
6/6/2018 3:44:17 PM	Gathering XML schema collections
6/6/2018 3:44:17 PM	Gathering user-defined data types
6/6/2018 3:44:17 PM	Gathering user-defined types
6/6/2018 3:44:17 PM	Gathering table types
6/6/2018 3:44:17 PM	Gathering unique keys for table types
6/6/2018 3:44:17 PM	Gathering primary keys for table types
6/6/2018 3:44:17 PM	Gathering indexes for table types
6/6/2018 3:44:17 PM	Gathering check constraints for table types
6/6/2018 3:44:17 PM	Gathering default constraints for table types
6/6/2018 3:44:17 PM	Gathering partition functions
6/6/2018 3:44:17 PM	Gathering partition schemes
6/6/2018 3:44:17 PM	Gathering functions
6/6/2018 3:44:17 PM	Gathering encrypted functions
6/6/2018 3:44:17 PM	Gathering aggregates
6/6/2018 3:44:17 PM	Gathering procedures
6/6/2018 3:44:18 PM	Gathering encrypted procedures
6/6/2018 3:44:18 PM	Gathering tables
6/6/2018 3:44:18 PM	Gathering primary keys
6/6/2018 3:44:18 PM	Gathering unique constraints
6/6/2018 3:44:18 PM	Gathering foreign keys
6/6/2018 3:44:18 PM	Gathering default constraints
6/6/2018 3:44:18 PM	Gathering check constraints
6/6/2018 3:44:18 PM	Gathering views
6/6/2018 3:44:18 PM	Gathering encrypted views
6/6/2018 3:44:18 PM	Gathering indexes
6/6/2018 3:44:18 PM	Gathering statistics
6/6/2018 3:44:18 PM	Gathering full-text index stoplists
6/6/2018 3:44:18 PM	Gathering search property lists
6/6/2018 3:44:18 PM	Gathering search properties
6/6/2018 3:44:18 PM	Gathering full-text indexes
6/6/2018 3:44:18 PM	Gathering column store indexes
6/6/2018 3:44:18 PM	Gathering spatial indexes
6/6/2018 3:44:18 PM	Gathering XML indexes
6/6/2018 3:44:34 PM	Gathering Selective XML indexes
6/6/2018 3:44:34 PM	Gathering encrypted triggers
6/6/2018 3:44:34 PM	Gathering triggers
6/6/2018 3:44:34 PM	Gathering encrypted and clr ddl triggers
6/6/2018 3:44:34 PM	Gathering ddl triggers
6/6/2018 3:44:34 PM	Gathering synonyms
6/6/2018 3:44:34 PM	Gathering defaults
6/6/2018 3:44:34 PM	Gathering data constraint uddt bindings
6/6/2018 3:44:34 PM	Gathering rules
6/6/2018 3:44:34 PM	Gathering data constraint uddt bindings
6/6/2018 3:44:34 PM	Gathering message types
6/6/2018 3:44:35 PM	Gathering queues
6/6/2018 3:44:35 PM	Gathering contracts
6/6/2018 3:44:35 PM	Gathering services
6/6/2018 3:44:35 PM	Gathering event notifications
6/6/2018 3:44:35 PM	Gathering remote service bindings
6/6/2018 3:44:35 PM	Gathering broker priorities
6/6/2018 3:44:35 PM	Gathering signatures
6/6/2018 3:44:35 PM	Gathering data compression options
6/6/2018 3:44:35 PM	Gathering sequence types
6/6/2018 3:44:35 PM	Gathering security policies
6/6/2018 3:44:35 PM	Gather column encryption keys
6/6/2018 3:44:35 PM	Gathering column master keys
6/6/2018 3:44:35 PM	Gathering external data sources
6/6/2018 3:44:35 PM	Gathering external file formats
6/6/2018 3:44:35 PM	Gathering external tables
6/6/2018 3:44:35 PM	Gathering extended properties
6/6/2018 3:44:36 PM	Gathering credentials
6/6/2018 3:44:36 PM	Gathering logins
6/6/2018 3:44:36 PM	Gathering server audits
6/6/2018 3:44:42 PM	Scanning project for duplicate elements
6/6/2018 3:44:42 PM	Finished duplicate element processing
6/6/2018 3:44:43 PM	Finished importing database.
6/6/2018 3:44:43 PM	A summary of the import was saved to the following location: C:\Users\ACSystem\Source\Repos\Database3V\Import Schema Logs\Database3V_20180606014350.log
6/6/2018 3:44:43 PM	Click Finish to continue...
